<?xml version="1.0" encoding="UTF-8"?>
<robot generator="Robot 6.0.2 (Python 3.11.1 on win32)" generated="20230325 13:53:12.000" rpa="false" schemaversion="3">
<suite id="s1" name="Facebook" source="C:\Users\suyesh.kamble_applie\PycharmProjects\pythonProject1\facebook.robot">
<test id="s1-t1" name="FB Login Test" line="10">
<kw name="Open Browser" library="SeleniumLibrary">
<arg>${URL}</arg>
<arg>${BROWSER}</arg>
<doc>Opens a new browser instance to the optional ``url``.</doc>
<msg timestamp="20230325 13:53:12.411" level="INFO">Opening browser 'Chrome' to base url 'https://www.facebook.com/login/'.</msg>
<status status="PASS" starttime="20230325 13:53:12.407" endtime="20230325 13:53:17.443"/>
</kw>
<kw name="Maximize Browser Window" library="SeleniumLibrary">
<doc>Maximizes current browser window.</doc>
<status status="PASS" starttime="20230325 13:53:17.443" endtime="20230325 13:53:17.586"/>
</kw>
<kw name="Input Text" library="SeleniumLibrary">
<arg>name=email</arg>
<arg>${email}</arg>
<doc>Types the given ``text`` into the text field identified by ``locator``.</doc>
<msg timestamp="20230325 13:53:17.586" level="INFO">Typing text 'suyeshsbk@rediffmail.com' into text field 'name=email'.</msg>
<status status="PASS" starttime="20230325 13:53:17.586" endtime="20230325 13:53:17.743"/>
</kw>
<kw name="Input Text" library="SeleniumLibrary">
<arg>name=pass</arg>
<arg>${pass}</arg>
<doc>Types the given ``text`` into the text field identified by ``locator``.</doc>
<msg timestamp="20230325 13:53:17.744" level="INFO">Typing text 'Avengerssbk@007' into text field 'name=pass'.</msg>
<status status="PASS" starttime="20230325 13:53:17.743" endtime="20230325 13:53:17.866"/>
</kw>
<kw name="Click Button" library="SeleniumLibrary">
<arg>xpath://*[@id="loginbutton"]</arg>
<doc>Clicks the button identified by ``locator``.</doc>
<msg timestamp="20230325 13:53:17.867" level="INFO">Clicking button 'xpath://*[@id="loginbutton"]'.</msg>
<status status="PASS" starttime="20230325 13:53:17.866" endtime="20230325 13:53:17.950"/>
</kw>
<kw name="Sleep" library="BuiltIn">
<arg>30s</arg>
<doc>Pauses the test executed for the given time.</doc>
<msg timestamp="20230325 13:53:47.959" level="INFO">Slept 30 seconds</msg>
<status status="PASS" starttime="20230325 13:53:17.950" endtime="20230325 13:53:47.959"/>
</kw>
<status status="PASS" starttime="20230325 13:53:12.407" endtime="20230325 13:53:47.959"/>
</test>
<status status="PASS" starttime="20230325 13:53:12.000" endtime="20230325 13:53:47.959"/>
</suite>
<statistics>
<total>
<stat pass="1" fail="0" skip="0">All Tests</stat>
</total>
<tag>
</tag>
<suite>
<stat pass="1" fail="0" skip="0" id="s1" name="Facebook">Facebook</stat>
</suite>
</statistics>
<errors>
</errors>
</robot>
